[0;32m============================================================[0m
[0;32m         Research Pipeline - JUnit Test Coverage[0m
[0;32m============================================================[0m
Pipeline started at: Thu Jan 29 20:35:51 UTC 2026
Log file: /app/logs/pipeline_20260129_203551.log

[1;33mStarting metrics pipeline...[0m
----------------------------------------
======================================================================
METRICS PIPELINE - JUnit Generation + Coverage Analysis
======================================================================
Input file: mut_dataset.csv
Output files: coverage_results.csv, coverage_summary.csv
Found 3 methods to process.
Will generate 6 tests and run 6 coverage analyses.

Found Maven: /usr/bin/mvn
‚úì Project structure created at test_project_metrics

============================================================
[1/3] Processing: boundedAngleRadians
============================================================

  [STEP 1] Generating Line Coverage test with LLM...
    ‚úì Line Coverage test generated.

  [STEP 2] Generating Branch Coverage test with LLM...
    ‚úì Branch Coverage test generated.

  [STEP 3] Running Line Coverage test...
  Running test: boundedAngleRadians_LineCov
  ‚úó Test failed: boundedAngleRadians_LineCov
  Error snippet: ...aracter literal
[[1;31mERROR[m] -> [1m[Help 1][m
[[1;31mERROR[m] 
[[1;31mERROR[m] To see the full stack trace of the errors, re-run Maven with the [1m-e[m switch.
[[1;31mERROR[m] Re-run Maven using the [1m-X[m switch to enable full debug logging.
[[1;31mERROR[m] 
[[1;31mERROR[m] For more information about the errors and possible solutions, please read the following articles:
[[1;31mERROR[m] [1m[Help 1][m http://cwiki.apache.org/confluence/display/MAVEN/MojoFailureException

  ‚ö†Ô∏è  Jacoco report not found
    ‚úó Line Coverage test failed: Compilation Error

  [STEP 4] Running Branch Coverage test...
  Running test: boundedAngleRadians_BranchCov
  ‚úó Test failed: boundedAngleRadians_BranchCov
  Error snippet: ...aracter literal
[[1;31mERROR[m] -> [1m[Help 1][m
[[1;31mERROR[m] 
[[1;31mERROR[m] To see the full stack trace of the errors, re-run Maven with the [1m-e[m switch.
[[1;31mERROR[m] Re-run Maven using the [1m-X[m switch to enable full debug logging.
[[1;31mERROR[m] 
[[1;31mERROR[m] For more information about the errors and possible solutions, please read the following articles:
[[1;31mERROR[m] [1m[Help 1][m http://cwiki.apache.org/confluence/display/MAVEN/MojoFailureException

  ‚ö†Ô∏è  Jacoco report not found
    ‚úó Branch Coverage test failed: Compilation Error

============================================================
[2/3] Processing: seperatorMatrix
============================================================

  [STEP 1] Generating Line Coverage test with LLM...
    ‚úì Line Coverage test generated.

  [STEP 2] Generating Branch Coverage test with LLM...
    ‚úì Branch Coverage test generated.

  [STEP 3] Running Line Coverage test...
  Running test: seperatorMatrix_LineCov
  ‚úó Test failed: seperatorMatrix_LineCov
  Error snippet: ...aracter literal
[[1;31mERROR[m] -> [1m[Help 1][m
[[1;31mERROR[m] 
[[1;31mERROR[m] To see the full stack trace of the errors, re-run Maven with the [1m-e[m switch.
[[1;31mERROR[m] Re-run Maven using the [1m-X[m switch to enable full debug logging.
[[1;31mERROR[m] 
[[1;31mERROR[m] For more information about the errors and possible solutions, please read the following articles:
[[1;31mERROR[m] [1m[Help 1][m http://cwiki.apache.org/confluence/display/MAVEN/MojoFailureException

  ‚ö†Ô∏è  Jacoco report not found
    ‚úó Line Coverage test failed: Compilation Error

  [STEP 4] Running Branch Coverage test...
  Running test: seperatorMatrix_BranchCov
  ‚úó Test failed: seperatorMatrix_BranchCov
  Error snippet: ...aracter literal
[[1;31mERROR[m] -> [1m[Help 1][m
[[1;31mERROR[m] 
[[1;31mERROR[m] To see the full stack trace of the errors, re-run Maven with the [1m-e[m switch.
[[1;31mERROR[m] Re-run Maven using the [1m-X[m switch to enable full debug logging.
[[1;31mERROR[m] 
[[1;31mERROR[m] For more information about the errors and possible solutions, please read the following articles:
[[1;31mERROR[m] [1m[Help 1][m http://cwiki.apache.org/confluence/display/MAVEN/MojoFailureException

  ‚ö†Ô∏è  Jacoco report not found
    ‚úó Branch Coverage test failed: Compilation Error

============================================================
[3/3] Processing: arabicCharShapesDuel
============================================================

  [STEP 1] Generating Line Coverage test with LLM...
    ‚úì Line Coverage test generated.

  [STEP 2] Generating Branch Coverage test with LLM...
    ‚úì Branch Coverage test generated.

  [STEP 3] Running Line Coverage test...
  Running test: arabicCharShapesDuel_LineCov
  ‚úó Test failed: arabicCharShapesDuel_LineCov
  Error snippet: ...aracter literal
[[1;31mERROR[m] -> [1m[Help 1][m
[[1;31mERROR[m] 
[[1;31mERROR[m] To see the full stack trace of the errors, re-run Maven with the [1m-e[m switch.
[[1;31mERROR[m] Re-run Maven using the [1m-X[m switch to enable full debug logging.
[[1;31mERROR[m] 
[[1;31mERROR[m] For more information about the errors and possible solutions, please read the following articles:
[[1;31mERROR[m] [1m[Help 1][m http://cwiki.apache.org/confluence/display/MAVEN/MojoFailureException

  ‚ö†Ô∏è  Jacoco report not found
    ‚úó Line Coverage test failed: Compilation Error

  [STEP 4] Running Branch Coverage test...
  Running test: arabicCharShapesDuel_BranchCov
  ‚úó Test failed: arabicCharShapesDuel_BranchCov
  Error snippet: ...aracter literal
[[1;31mERROR[m] -> [1m[Help 1][m
[[1;31mERROR[m] 
[[1;31mERROR[m] To see the full stack trace of the errors, re-run Maven with the [1m-e[m switch.
[[1;31mERROR[m] Re-run Maven using the [1m-X[m switch to enable full debug logging.
[[1;31mERROR[m] 
[[1;31mERROR[m] For more information about the errors and possible solutions, please read the following articles:
[[1;31mERROR[m] [1m[Help 1][m http://cwiki.apache.org/confluence/display/MAVEN/MojoFailureException

  ‚ö†Ô∏è  Jacoco report not found
    ‚úó Branch Coverage test failed: Compilation Error

======================================================================
PIPELINE RESULTS SUMMARY
======================================================================

Line Coverage Tests:   0/3 passed (0.0%)
Branch Coverage Tests: 0/3 passed (0.0%)

‚úì Detailed results saved to: coverage_results.csv
‚úì Summary results saved to: coverage_summary.csv
----------------------------------------
Pipeline finished at: Thu Jan 29 20:40:11 UTC 2026
Exit code: 0

[1;33mGit push is enabled, uploading results...[0m
[0;32m============================================[0m
[0;32m  Git Push - Results Upload[0m
[0;32m============================================[0m
[1;33mConfiguring git...[0m
[1;33mCloning repository...[0m
[1;33mCopying CSV files...[0m
  [0;32m‚úì[0m Copied coverage_results.csv
  [0;32m‚úì[0m Copied coverage_summary.csv
[1;33mCopying log files...[0m
  [0;32m‚úì[0m Copied pipeline_20260129_203551.log
